running build
running build_ext
building 'hello' extension
creating build
creating build\temp.win32-2.7
creating build\temp.win32-2.7\Release
C:\opt\Microsoft Visual Studio 9.0\VC\BIN\cl.exe /c /nologo /Ox /MD /W3 /GS- /DNDEBUG -IC:/boost_1_47_0 -IC:\opt\Python27\include -IC:\opt\Python27\PC /Tphellomodule.cpp /Fobuild\temp.win32-2.7\Release\hellomodule.obj
hellomodule.cpp
C:\opt\Microsoft Visual Studio 9.0\VC\INCLUDE\xlocale(342) : warning C4530: C++ exception handler used, but unwind semantics are not enabled. Specify /EHsc
creating build\lib.win32-2.7
C:\opt\Microsoft Visual Studio 9.0\VC\BIN\link.exe /DLL /nologo /INCREMENTAL:NO /LIBPATH:D:/boost_1_47_0/lib/lib /LIBPATH:C:\opt\Python27\libs /LIBPATH:C:\opt\Python27\PCbuild boost_python-vc90-mt-1_47.lib libboost_system-vc90-mt-1_47.lib /EXPORT:inithello build\temp.win32-2.7\Release\hellomodule.obj /OUT:build\lib.win32-2.7\hello.pyd /IMPLIB:build\temp.win32-2.7\Release\hello.lib /MANIFESTFILE:build\temp.win32-2.7\Release\hello.pyd.manifest
   Creating library build\temp.win32-2.7\Release\hello.lib and object build\temp.win32-2.7\Release\hello.exp
hellomodule.obj : error LNK2019: unresolved external symbol "void __cdecl boost::throw_exception(class std::exception const &)" (?throw_exception@boost@@YAXABVexception@std@@@Z) referenced in function "public: __thiscall boost::detail::shared_count::shared_count<void *,struct boost::python::converter::shared_ptr_deleter>(void *,struct boost::python::converter::shared_ptr_deleter)" (??$?0PAXUshared_ptr_deleter@converter@python@boost@@@shared_count@detail@boost@@QAE@PAXUshared_ptr_deleter@converter@python@2@@Z)
build\lib.win32-2.7\hello.pyd : fatal error LNK1120: 1 unresolved externals
